<?xml version="1.0" encoding="UTF-8" ?>
<testsuite errors="1" failures="0" hostname="JamesLu-PC" name="GitTest" tests="1" time="0.047" timestamp="2012-02-16T06:04:06">
  <properties>
    <property name="java.vendor" value="Sun Microsystems Inc." />
    <property name="sun.java.launcher" value="SUN_STANDARD" />
    <property name="eclipse.pdebuild.templates" value="/F:/Software/Developer/Eclipse/eclipse/plugins/org.eclipse.pde.build_3.5.2.R35x_20100114/templates/" />
    <property name="sun.management.compiler" value="HotSpot Client Compiler" />
    <property name="test.data.dir" value="E:\Agile\GitRepos\GitTest\GitTest\data" />
    <property name="env.PROMPT" value="$P$G" />
    <property name="os.name" value="Windows 7" />
    <property name="env.FP_NO_HOST_CHECK" value="NO" />
    <property name="sun.boot.class.path" value="E:\Program Files\Java\jre6\lib\resources.jar;E:\Program Files\Java\jre6\lib\rt.jar;E:\Program Files\Java\jre6\lib\sunrsasign.jar;E:\Program Files\Java\jre6\lib\jsse.jar;E:\Program Files\Java\jre6\lib\jce.jar;E:\Program Files\Java\jre6\lib\charsets.jar;E:\Program Files\Java\jre6\lib\modules\jdk.boot.jar;E:\Program Files\Java\jre6\classes" />
    <property name="env.COMPUTERNAME" value="JAMESLU-PC" />
    <property name="test.reports.dir" value="E:\Agile\GitRepos\GitTest\GitTest\reports" />
    <property name="env.ALLUSERSPROFILE" value="C:\ProgramData" />
    <property name="sun.desktop" value="windows" />
    <property name="java.vm.specification.vendor" value="Sun Microsystems Inc." />
    <property name="ant.home" value="F:\Software\Developer\Eclipse\eclipse\plugins\org.apache.ant_1.7.1.v20090120-1145" />
    <property name="java.runtime.version" value="1.6.0_29-b11" />
    <property name="env.HOMEPATH" value="\Users\James Lu" />
    <property name="env.__COMPAT_LAYER" value="ElevateCreateProcess" />
    <property name="user.name" value="James Lu" />
    <property name="env.QTJAVA" value="E:\Program Files\Java\jre6\lib\ext\QTJava.zip" />
    <property name="build.dir" value="./" />
    <property name="user.language" value="zh" />
    <property name="sun.boot.library.path" value="E:\Program Files\Java\jre6\bin" />
    <property name="ant.project.name" value="GitTest" />
    <property name="java.version" value="1.6.0_29" />
    <property name="env.PROCESSOR_IDENTIFIER" value="x86 Family 6 Model 37 Stepping 2, GenuineIntel" />
    <property name="user.timezone" value="" />
    <property name="env.asl.log" value="Destination=file" />
    <property name="env.TEMP" value="C:\Users\JAMESL~1\AppData\Local\Temp" />
    <property name="sun.arch.data.model" value="32" />
    <property name="java.endorsed.dirs" value="E:\Program Files\Java\jre6\lib\endorsed" />
    <property name="sun.cpu.isalist" value="pentium_pro+mmx pentium_pro pentium+mmx pentium i486 i386 i86" />
    <property name="env.HOMEDRIVE" value="C:" />
    <property name="sun.jnu.encoding" value="MS950" />
    <property name="file.encoding.pkg" value="sun.io" />
    <property name="ECLIPSE_HOME" value="F:/Software/Developer/Eclipse/eclipse" />
    <property name="file.separator" value="\" />
    <property name="java.specification.name" value="Java Platform API Specification" />
    <property name="env.GROOVY_HOME" value="E:\Agile\Groovy-1.8.5" />
    <property name="java.class.version" value="50.0" />
    <property name="user.country" value="TW" />
    <property name="java.home" value="E:\Program Files\Java\jre6" />
    <property name="env.PSModulePath" value="C:\Windows\system32\WindowsPowerShell\v1.0\Modules\" />
    <property name="env.APPDATA" value="C:\Users\James Lu\AppData\Roaming" />
    <property name="env.PUBLIC" value="C:\Users\Public" />
    <property name="java.vm.info" value="mixed mode, sharing" />
    <property name="env.CATALINA_HOME" value="C:\Program Files\Tomcat 5.5" />
    <property name="env.ComSpec" value="C:\Windows\system32\cmd.exe" />
    <property name="env.OS" value="Windows_NT" />
    <property name="env.CommonProgramFiles" value="C:\Program Files\Common Files" />
    <property name="ant.file" value="E:\Agile\GitRepos\GitTest\GitTest\build.xml" />
    <property name="os.version" value="6.1" />
    <property name="env.GIT_HOME" value="E:\Agile\Git" />
    <property name="path.separator" value=";" />
    <property name="java.vm.version" value="20.4-b02" />
    <property name="env.USERPROFILE" value="C:\Users\James Lu" />
    <property name="user.variant" value="" />
    <property name="ant.library.dir" value="F:\Software\Developer\Eclipse\eclipse\plugins\org.apache.ant_1.7.1.v20090120-1145\lib" />
    <property name="env.JAVA_HOME" value="E:\Program Files\Java\jdk1.6.0_20" />
    <property name="java.awt.printerjob" value="sun.awt.windows.WPrinterJob" />
    <property name="env.TMP" value="C:\Users\JAMESL~1\AppData\Local\Temp" />
    <property name="sun.io.unicode.encoding" value="UnicodeLittle" />
    <property name="awt.toolkit" value="sun.awt.windows.WToolkit" />
    <property name="junit.class.name" value="com.tasc.junit.AllTests" />
    <property name="eclipse.pdebuild.scripts" value="/F:/Software/Developer/Eclipse/eclipse/plugins/org.eclipse.pde.build_3.5.2.R35x_20100114/scripts/" />
    <property name="user.home" value="C:\Users\James Lu" />
    <property name="target" value="1.6" />
    <property name="env.ProgramData" value="C:\ProgramData" />
    <property name="env.SESSIONNAME" value="Console" />
    <property name="java.specification.vendor" value="Sun Microsystems Inc." />
    <property name="env.CLASSPATH" value="E:\Program Files\Java\jdk1.6.0_20\lib;E:\Program Files\Java\jre6\lib\ext\QTJava.zip" />
    <property name="java.vendor.url" value="http://java.sun.com/" />
    <property name="env.NUMBER_OF_PROCESSORS" value="4" />
    <property name="java.library.path" value="E:\Program Files\Java\jre6\bin;C:\Windows\Sun\Java\bin;C:\Windows\system32;C:\Windows;E:/Program Files/Java/jre6/bin/client;E:/Program Files/Java/jre6/bin;E:\Program Files\SAP\IDE\IDE70\eclipse;C:\Program Files\Common Files\Microsoft Shared\Windows Live;C:\sdb\programs\bin;C:\sdb\programs\pgm;E:\Program Files\Perl\site\bin;E:\Program Files\Perl\bin;C:\Windows\system32;C:\Windows;C:\Windows\System32\Wbem;C:\Windows\System32\WindowsPowerShell\v1.0\;C:\Program Files\ATI Technologies\ATI.ACE\Core-Static;C:\Program Files\WIDCOMM\Bluetooth Software\;E:\PROGRA~1\ULTRAE~1;E:\Program Files\Inventec\Dreye\DreyeSA\DreyeTTs\eTTS\;E:\Program Files\Java\jdk1.6.0_20\bin;C:\Program Files\Common Files\Adobe\AGL;C:\Program Files\Windows Live\Shared;C:\Program Files\SAP\SAP Business One\;C:\Program Files\Common Files\Thunder Network\KanKan\Codecs;E:\Program Files\QuickTime\QTSystem\;E:\Program Files\Android\android-sdk\tools;E:\Agile\Groovy-1.8.5\bin;E:\Agile\Git\bin;E:\Agile\apache-ant-1.8.2\bin;E:\Program Files\OpenVPN\bin;." />
    <property name="java.vm.vendor" value="Sun Microsystems Inc." />
    <property name="java.runtime.name" value="Java(TM) SE Runtime Environment" />
    <property name="ant.version" value="Apache Ant version 1.7.1 compiled on June 27 2008" />
    <property name="java.class.path" value="E:\Agile\GitRepos\GitTest\GitTest\bin;E:\Program Files\Java\jdk1.6.0_20\lib;E:\Program Files\Java\jre6\lib\junit-4.10.jar;F:\Software\Developer\Eclipse\eclipse\plugins\org.apache.ant_1.7.1.v20090120-1145\lib\ant-launcher.jar;F:\Software\Developer\Eclipse\eclipse\plugins\org.apache.ant_1.7.1.v20090120-1145\lib\ant.jar;F:\Software\Developer\Eclipse\eclipse\plugins\org.apache.ant_1.7.1.v20090120-1145\lib\ant-junit.jar" />
    <property name="sun.java.command" value="org.apache.tools.ant.taskdefs.optional.junit.JUnitTestRunner GitTest filtertrace=true haltOnError=false haltOnFailure=false formatter=org.apache.tools.ant.taskdefs.optional.junit.SummaryJUnitResultFormatter showoutput=true outputtoformatters=true logtestlistenerevents=true formatter=org.apache.tools.ant.taskdefs.optional.junit.XMLJUnitResultFormatter,E:\Agile\GitRepos\GitTest\GitTest\reports\TEST-GitTest.xml crashfile=E:\Agile\GitRepos\GitTest\GitTest\junitvmwatcher7134519874946047762.properties propsfile=E:\Agile\GitRepos\GitTest\GitTest\junit884069618965902629.properties" />
    <property name="java.vm.specification.name" value="Java Virtual Machine Specification" />
    <property name="env.windir" value="C:\Windows" />
    <property name="env.LOGONSERVER" value="\\JAMESLU-PC" />
    <property name="env.PROCESSOR_ARCHITECTURE" value="x86" />
    <property name="java.vm.specification.version" value="1.0" />
    <property name="sun.os.patch.level" value="Service Pack 1" />
    <property name="sun.cpu.endian" value="little" />
    <property name="debuglevel" value="source,lines,vars" />
    <property name="env.ANT_HOME" value="F:\Software\Developer\Eclipse\eclipse\plugins\org.apache.ant_1.7.1.v20090120-1145" />
    <property name="env.ProgramFiles" value="C:\Program Files" />
    <property name="java.io.tmpdir" value="C:\Users\JAMESL~1\AppData\Local\Temp\" />
    <property name="env.PROCESSOR_REVISION" value="2502" />
    <property name="eclipse.pdebuild.home" value="/F:/Software/Developer/Eclipse/eclipse/plugins/org.eclipse.pde.build_3.5.2.R35x_20100114/./" />
    <property name="java.vendor.url.bug" value="http://java.sun.com/cgi-bin/bugreport.cgi" />
    <property name="clover.license.path" value="F:\Software\Developer\Eclipse\eclipse\plugins\com.cenqua.clover.ant_3.1.3.v20120117000000\clover.license" />
    <property name="env.SystemRoot" value="C:\Windows" />
    <property name="java.awt.graphicsenv" value="sun.awt.Win32GraphicsEnvironment" />
    <property name="os.arch" value="x86" />
    <property name="java.ext.dirs" value="E:\Program Files\Java\jre6\lib\ext;C:\Windows\Sun\Java\lib\ext" />
    <property name="env.LOCALAPPDATA" value="C:\Users\James Lu\AppData\Local" />
    <property name="user.dir" value="E:\Agile\GitRepos\GitTest\GitTest" />
    <property name="line.separator" value="
" />
    <property name="java.vm.name" value="Java HotSpot(TM) Client VM" />
    <property name="env.PATHEXT" value=".COM;.EXE;.BAT;.CMD;.VBS;.VBE;.JS;.JSE;.WSF;.WSH;.MSC;.groovy;.gy" />
    <property name="ant.file.GitTest" value="E:\Agile\GitRepos\GitTest\GitTest\build.xml" />
    <property name="env.Path" value="E:/Program Files/Java/jre6/bin/client;E:/Program Files/Java/jre6/bin;E:\Program Files\SAP\IDE\IDE70\eclipse;C:\Program Files\Common Files\Microsoft Shared\Windows Live;C:\sdb\programs\bin;C:\sdb\programs\pgm;E:\Program Files\Perl\site\bin;E:\Program Files\Perl\bin;C:\Windows\system32;C:\Windows;C:\Windows\System32\Wbem;C:\Windows\System32\WindowsPowerShell\v1.0\;C:\Program Files\ATI Technologies\ATI.ACE\Core-Static;C:\Program Files\WIDCOMM\Bluetooth Software\;E:\PROGRA~1\ULTRAE~1;E:\Program Files\Inventec\Dreye\DreyeSA\DreyeTTs\eTTS\;E:\Program Files\Java\jdk1.6.0_20\bin;C:\Program Files\Common Files\Adobe\AGL;C:\Program Files\Windows Live\Shared;C:\Program Files\SAP\SAP Business One\;C:\Program Files\Common Files\Thunder Network\KanKan\Codecs;E:\Program Files\QuickTime\QTSystem\;E:\Program Files\Android\android-sdk\tools;E:\Agile\Groovy-1.8.5\bin;E:\Agile\Git\bin;E:\Agile\apache-ant-1.8.2\bin;E:\Program Files\OpenVPN\bin" />
    <property name="org.apache.tools.ant.taskdefs.optional.junit.AggregateTransformer0" value="C:\Users\JAMESL~1\AppData\Local\Temp\null158577797" />
    <property name="basedir" value="E:\Agile\GitRepos\GitTest\GitTest" />
    <property name="ant.java.version" value="1.6" />
    <property name="ant.core.lib" value="F:\Software\Developer\Eclipse\eclipse\plugins\org.apache.ant_1.7.1.v20090120-1145\lib\ant.jar" />
    <property name="env.USERNAME" value="James Lu" />
    <property name="env.SystemDrive" value="C:" />
    <property name="source" value="1.6" />
    <property name="file.encoding" value="MS950" />
    <property name="env.VS100COMNTOOLS" value="E:\Program Files\Microsoft Visual Studio 10.0\Common7\Tools\" />
    <property name="env.USERDOMAIN" value="JAMESLU-PC" />
    <property name="java.specification.version" value="1.6" />
    <property name="src.dir" value="E:\Agile\GitRepos\GitTest\GitTest\src" />
    <property name="clover.eclipse.runtime.jar" value="/F:/Software/Developer/Eclipse/eclipse/plugins/com.cenqua.clover.runtime_3.1.3.v20120117000000/clover-runtime.jar" />
    <property name="env.PROCESSOR_LEVEL" value="6" />
  </properties>
  <testcase classname="GitTest" name="initializationError" time="0.0040">
    <error message="No runnable methods" type="java.lang.Exception">java.lang.Exception: No runnable methods
	at java.lang.reflect.Constructor.newInstance(Unknown Source)
</error>
  </testcase>
  <system-out><![CDATA[]]></system-out>
  <system-err><![CDATA[]]></system-err>
</testsuite>
